<?xml version="1.0" encoding="UTF-8"?>
<!-- Generated by org.testng.reporters.JUnitXMLReporter -->
<testsuite ignored="0" hostname="DESKTOP-9VQSPT3" failures="2" tests="2" name="Test1" time="0.066" errors="0" timestamp="2022-07-22T17:15:46 IST">
  <testcase classname="com.orangehrm.tests.Login_tests" name="Login_Test001" time="0.023">
    <failure type="java.lang.NullPointerException" message="Cannot invoke &amp;quot;org.openqa.selenium.WebDriver.get(String)&amp;quot; because &amp;quot;this.driver&amp;quot; is null">
      <![CDATA[java.lang.NullPointerException: Cannot invoke "org.openqa.selenium.WebDriver.get(String)" because "this.driver" is null
at com.orangehrm.pages.Login_Page.launchURL(Login_Page.java:37)
at com.orangehrm.tests.Login_tests.Login_Test001(Login_tests.java:12)
at java.base/java.util.ArrayList.forEach(ArrayList.java:1511)
... Removed 27 stack frames]]>
    </failure>
  </testcase> <!-- Login_Test001 -->
  <testcase classname="com.orangehrm.tests.TC_Add_Employee" name="add_Emp_Test001" time="0.015">
    <failure type="java.lang.ExceptionInInitializerError">
      <![CDATA[java.lang.ExceptionInInitializerError
at com.orangehrm.pages.Add_Employee_Page.txt_box_first_Name(Add_Employee_Page.java:63)
at com.orangehrm.tests.TC_Add_Employee.add_Emp_Test001(TC_Add_Employee.java:12)
at java.base/java.util.ArrayList.forEach(ArrayList.java:1511)
Caused by: java.lang.IllegalArgumentException: Driver must be set
at org.openqa.selenium.internal.Require.nonNull(Require.java:56)
at org.openqa.selenium.interactions.Actions.<init>(Actions.java:67)
at com.demo.utils.FlowLibs.<clinit>(FlowLibs.java:8)
... 30 more
... Removed 27 stack frames]]>
    </failure>
  </testcase> <!-- add_Emp_Test001 -->
</testsuite> <!-- Test1 -->
